<?xml version="1.0" encoding="UTF-8"?>
<testng-results ignored="0" total="1" passed="1" failed="0" skipped="0">
  <reporter-output>
  </reporter-output>
  <suite started-at="2023-12-01T01:48:48 EST" name="Default suite" finished-at="2023-12-01T01:49:24 EST" duration-ms="36659">
    <groups>
    </groups>
    <test started-at="2023-12-01T01:48:48 EST" name="Default test" finished-at="2023-12-01T01:49:24 EST" duration-ms="36659">
      <class name="test1.testjen1">
        <test-method signature="launchBrowser()[pri:0, instance:test1.testjen1@55182842]" started-at="2023-12-01T01:48:48 EST" name="launchBrowser" finished-at="2023-12-01T01:49:24 EST" duration-ms="36569" status="PASS">
          <reporter-output>
          </reporter-output>
        </test-method> <!-- launchBrowser -->
      </class> <!-- test1.testjen1 -->
    </test> <!-- Default test -->
  </suite> <!-- Default suite -->
</testng-results>
